<?xml version="1.0" encoding="UTF-8"?>
<!-- Generated by org.testng.reporters.JUnitReportReporter -->
<testsuite hostname="SHARP" failures="0" tests="4" name="runner.TestRunner" time="0.915" errors="4" timestamp="2024-08-07T11:51:18 IST" skipped="0">
  <testcase classname="runner.TestRunner" name="runScenario" time="0.582">
    <error message="Cannot invoke &quot;org.openqa.selenium.WebDriver.get(String)&quot; because &quot;this.driver&quot; is null" type="java.lang.NullPointerException">
      <![CDATA[java.lang.NullPointerException: Cannot invoke "org.openqa.selenium.WebDriver.get(String)" because "this.driver" is null
at steps_testng.SecondOpinion_steps.open_the_browser_enter_sparsh_hospital_url(SecondOpinion_steps.java:21)
at ✽.Open the browser, enter sparsh hospital url(file:///C:/Users/janus/Documents/workspace-spring-tool-suite-4-4.23.1.RELEASE/TestNG_Cucumber/src/test/resources/Sparsh%20Hospital/SecondOpinion.feature:9)
]]>
    </error>
  </testcase> <!-- runScenario -->
  <testcase classname="runner.TestRunner" name="runScenario" time="0.152">
    <error message="Cannot invoke &quot;org.openqa.selenium.WebDriver.get(String)&quot; because &quot;this.driver&quot; is null" type="java.lang.NullPointerException">
      <![CDATA[java.lang.NullPointerException: Cannot invoke "org.openqa.selenium.WebDriver.get(String)" because "this.driver" is null
at steps_testng.SecondOpinion_steps.open_the_browser_enter_sparsh_hospital_url(SecondOpinion_steps.java:21)
at ✽.Open the browser, enter sparsh hospital url(file:///C:/Users/janus/Documents/workspace-spring-tool-suite-4-4.23.1.RELEASE/TestNG_Cucumber/src/test/resources/Sparsh%20Hospital/SecondOpinion.feature:19)
]]>
    </error>
  </testcase> <!-- runScenario -->
  <testcase classname="runner.TestRunner" name="runScenario" time="0.091">
    <error message="Cannot invoke &quot;org.openqa.selenium.WebDriver.get(String)&quot; because &quot;this.driver&quot; is null" type="java.lang.NullPointerException">
      <![CDATA[java.lang.NullPointerException: Cannot invoke "org.openqa.selenium.WebDriver.get(String)" because "this.driver" is null
at steps_testng.SecondOpinion_steps.open_the_browser_enter_sparsh_hospital_url(SecondOpinion_steps.java:21)
at ✽.Open the browser, enter sparsh hospital url(file:///C:/Users/janus/Documents/workspace-spring-tool-suite-4-4.23.1.RELEASE/TestNG_Cucumber/src/test/resources/Sparsh%20Hospital/SecondOpinion.feature:19)
]]>
    </error>
  </testcase> <!-- runScenario -->
  <testcase classname="runner.TestRunner" name="runScenario" time="0.090">
    <error message="Cannot invoke &quot;org.openqa.selenium.WebDriver.get(String)&quot; because &quot;this.driver&quot; is null" type="java.lang.NullPointerException">
      <![CDATA[java.lang.NullPointerException: Cannot invoke "org.openqa.selenium.WebDriver.get(String)" because "this.driver" is null
at steps_testng.SecondOpinion_steps.open_the_browser_enter_sparsh_hospital_url(SecondOpinion_steps.java:21)
at ✽.Open the browser, enter sparsh hospital url(file:///C:/Users/janus/Documents/workspace-spring-tool-suite-4-4.23.1.RELEASE/TestNG_Cucumber/src/test/resources/Sparsh%20Hospital/SecondOpinion.feature:19)
]]>
    </error>
  </testcase> <!-- runScenario -->
</testsuite> <!-- runner.TestRunner -->
